

> web@0.1.0 build /Users/syedsibtealibaqar/Documents/whatsnextplease-monolith/apps/web
> npx prisma generate && pnpm run build:cdk && next build

[2mEnvironment variables loaded from .env[22m
[2mPrisma schema loaded from prisma/schema.prisma[22m

✔ Generated [1mPrisma Client[22m (v5.22.0)[2m to ./../../node_modules/.pnpm/@prisma+client@5.22.0_prisma@5.22.0/node_modules/@prisma/client[22m in 169ms

Start by importing your Prisma Client (See: https://pris.ly/d/importing-client)

Tip: Need your database queries to be 1000x faster? Accelerate offers you that and more: https://pris.ly/tip-2-accelerate


> web@0.1.0 build:cdk /Users/syedsibtealibaqar/Documents/whatsnextplease-monolith/apps/web
> npm --prefix cdk run build


> cdk@0.1.0 build
> tsc

  [1m[38;2;173;127;168m▲ Next.js 14.2.15[39m[22m
  - Environments: .env.local, .env

 [37m[1m [22m[39m Creating an optimized production build ...
 [32m[1m✓[22m[39m Compiled successfully
[?25l [37m[1m [22m[39m Linting and checking validity of types  [36m.[39m[2K[1G [37m[1m [22m[39m Linting and checking validity of types  [36m..[39m[2K[1G [37m[1m [22m[39m Linting and checking validity of types  [36m...[39m[2K[1G [37m[1m [22m[39m Linting and checking validity of types  [36m.[39m[2K[1G [37m[1m [22m[39m Linting and checking validity of types  [36m..[39m[2K[1G [37m[1m [22m[39m Linting and checking validity of types  [36m...[39m[2K[1G [37m[1m [22m[39m Linting and checking validity of types  [36m.[39m[2K[1G [37m[1m [22m[39m Linting and checking validity of types  [36m..[39m[2K[1G [37m[1m [22m[39m Linting and checking validity of types  [36m...[39m[2K[1G [37m[1m [22m[39m Linting and checking validity of types  [36m.[39m[2K[1G [37m[1m [22m[39m Linting and checking validity of types  [36m..[39m[2K[1G [37m[1m [22m[39m Linting and checking validity of types  [36m...[39m[2K[1G [37m[1m [22m[39m Linting and checking validity of types  [36m.[39m[2K[1G [37m[1m [22m[39m Linting and checking validity of types  [36m..[39m[2K[1G [37m[1m [22m[39m Linting and checking validity of types  [36m...[39m[2K[1G[?25h
[36m./app/(dashboard)/clients/data-table.tsx[39m
[33m61[39m:[33m6[39m  [33m[1mWarning[22m[39m: React Hook useEffect has a missing dependency: 'fetchClients'. Either include it or remove the dependency array.  [90m[1mreact-hooks/exhaustive-deps[22m[39m

[36m./app/(dashboard)/users/data-table.tsx[39m
[33m65[39m:[33m6[39m  [33m[1mWarning[22m[39m: React Hook useEffect has a missing dependency: 'fetchItems'. Either include it or remove the dependency array.  [90m[1mreact-hooks/exhaustive-deps[22m[39m

[36m./components/clients/ClientHistoryList.tsx[39m
[33m45[39m:[33m6[39m  [33m[1mWarning[22m[39m: React Hook useEffect has a missing dependency: 'fetchTasks'. Either include it or remove the dependency array.  [90m[1mreact-hooks/exhaustive-deps[22m[39m

[36m./components/clients/ClientTaskList.tsx[39m
[33m45[39m:[33m6[39m  [33m[1mWarning[22m[39m: React Hook useEffect has a missing dependency: 'fetchTasks'. Either include it or remove the dependency array.  [90m[1mreact-hooks/exhaustive-deps[22m[39m

[36m./components/clients/billing-table.tsx[39m
[33m64[39m:[33m6[39m  [33m[1mWarning[22m[39m: React Hook useEffect has a missing dependency: 'fetchInvoices'. Either include it or remove the dependency array.  [90m[1mreact-hooks/exhaustive-deps[22m[39m

[36m./components/clients/file-table.tsx[39m
[33m77[39m:[33m6[39m  [33m[1mWarning[22m[39m: React Hook useEffect has a missing dependency: 'fetchFiles'. Either include it or remove the dependency array.  [90m[1mreact-hooks/exhaustive-deps[22m[39m

[36m./components/common/EditTaskDialog.tsx[39m
[33m195[39m:[33m6[39m  [33m[1mWarning[22m[39m: React Hook useEffect has a missing dependency: 'fetchUsers'. Either include it or remove the dependency array.  [90m[1mreact-hooks/exhaustive-deps[22m[39m

[36m./components/tasks/CreateTaskContainer.tsx[39m
[33m134[39m:[33m6[39m  [33m[1mWarning[22m[39m: React Hook useEffect has a missing dependency: 'toast'. Either include it or remove the dependency array.  [90m[1mreact-hooks/exhaustive-deps[22m[39m

[36m./components/tasks/TaskSuperVisorList.tsx[39m
[33m83[39m:[33m6[39m  [33m[1mWarning[22m[39m: React Hook useCallback has missing dependencies: 'role' and 'toast'. Either include them or remove the dependency array.  [90m[1mreact-hooks/exhaustive-deps[22m[39m
[33m96[39m:[33m6[39m  [33m[1mWarning[22m[39m: React Hook useEffect has a missing dependency: 'fetchTasks'. Either include it or remove the dependency array.  [90m[1mreact-hooks/exhaustive-deps[22m[39m

[36m./components/tasks/TasksListModal.tsx[39m
[33m66[39m:[33m6[39m  [33m[1mWarning[22m[39m: React Hook useEffect has a missing dependency: 'fetchTasks'. Either include it or remove the dependency array.  [90m[1mreact-hooks/exhaustive-deps[22m[39m

[36m./components/users/UserTasks.tsx[39m
[33m106[39m:[33m6[39m  [33m[1mWarning[22m[39m: React Hook useEffect has a missing dependency: 'fetchTasks'. Either include it or remove the dependency array.  [90m[1mreact-hooks/exhaustive-deps[22m[39m

[36minfo[39m  - Need to disable some ESLint rules? Learn more here: https://nextjs.org/docs/basic-features/eslint#disabling-rules
[?25l [37m[1m [22m[39m Linting and checking validity of types  [36m.[39m[2K[1G [37m[1m [22m[39m Linting and checking validity of types  [36m..[39m[2K[1G [37m[1m [22m[39m Linting and checking validity of types  [36m...[39m[2K[1G [37m[1m [22m[39m Linting and checking validity of types  [36m.[39m[2K[1G [37m[1m [22m[39m Linting and checking validity of types  [36m..[39m[2K[1G [37m[1m [22m[39m Linting and checking validity of types  [36m...[39m[2K[1G [37m[1m [22m[39m Linting and checking validity of types  [36m.[39m[2K[1G [37m[1m [22m[39m Linting and checking validity of types  [36m..[39m[2K[1G [37m[1m [22m[39m Linting and checking validity of types  [36m...[39m[2K[1G [37m[1m [22m[39m Linting and checking validity of types  [36m.[39m[2K[1G [37m[1m [22m[39m Linting and checking validity of types  [36m..[39m[2K[1G [37m[1m [22m[39m Linting and checking validity of types  [36m...[39m[2K[1G [37m[1m [22m[39m Linting and checking validity of types  [36m.[39m[2K[1G [37m[1m [22m[39m Linting and checking validity of types  [36m..[39m[2K[1G [37m[1m [22m[39m Linting and checking validity of types  [36m...[39m[2K[1G [37m[1m [22m[39m Linting and checking validity of types  [36m.[39m[2K[1G [37m[1m [22m[39m Linting and checking validity of types  [36m..[39m[2K[1G [37m[1m [22m[39m Linting and checking validity of types  [36m...[39m[2K[1G [37m[1m [22m[39m Linting and checking validity of types  [36m.[39m[2K[1G [37m[1m [22m[39m Linting and checking validity of types  [36m..[39m[2K[1G [37m[1m [22m[39m Linting and checking validity of types  [36m...[39m[2K[1G [37m[1m [22m[39m Linting and checking validity of types  [36m.[39m[2K[1G [37m[1m [22m[39m Linting and checking validity of types  [36m..[39m[2K[1G [37m[1m [22m[39m Linting and checking validity of types  [36m...[39m[2K[1G [37m[1m [22m[39m Linting and checking validity of types  [36m.[39m[2K[1G [37m[1m [22m[39m Linting and checking validity of types  [36m..[39m[2K[1G [37m[1m [22m[39m Linting and checking validity of types  [36m...[39m[2K[1G [37m[1m [22m[39m Linting and checking validity of types  [36m.[39m[2K[1G [37m[1m [22m[39m Linting and checking validity of types  [36m..[39m[2K[1G [37m[1m [22m[39m Linting and checking validity of types  [36m...[39m[2K[1G [37m[1m [22m[39m Linting and checking validity of types  [36m.[39m[2K[1G[?25h [37m[1m [22m[39m Linting and checking validity of types     [32m[1m✓[22m[39m Linting and checking validity of types 
[?25l [37m[1m [22m[39m Collecting page data  [36m.[39m[2K[1G [37m[1m [22m[39m Collecting page data  [36m..[39m[2K[1G [37m[1m [22m[39m Collecting page data  [36m...[39m[2K[1G [37m[1m [22m[39m Collecting page data  [36m.[39m[2K[1G [37m[1m [22m[39m Collecting page data  [36m..[39m[2K[1G [37m[1m [22m[39m Collecting page data  [36m...[39m[2K[1G [37m[1m [22m[39m Collecting page data  [36m.[39m[2K[1G [37m[1m [22m[39m Collecting page data  [36m..[39m[2K[1G [37m[1m [22m[39m Collecting page data  [36m...[39m[2K[1G [37m[1m [22m[39m Collecting page data  [36m.[39m[2K[1G [37m[1m [22m[39m Collecting page data  [36m..[39m[2K[1G [37m[1m [22m[39m Collecting page data  [36m...[39m[2K[1G [37m[1m [22m[39m Collecting page data  [36m.[39m[2K[1G [37m[1m [22m[39m Collecting page data  [36m..[39m[2K[1G[?25h [37m[1m [22m[39m Collecting page data     [32m[1m✓[22m[39m Collecting page data 
[?25l [37m[1m [22m[39m Generating static pages (0/26)  [36m[    ][39m[2K[1G [37m[1m [22m[39m Generating static pages (0/26)  [36m[=   ][39m[2K[1G [37m[1m [22m[39m Generating static pages (0/26)  [36m[==  ][39m{"level":50,"time":1736421497062,"pid":55886,"hostname":"0E-B7-67-3F-47-BB","msg":"Error fetching task IDs:"}
{"level":50,"time":1736421497062,"pid":55889,"hostname":"0E-B7-67-3F-47-BB","error":{"description":"Route /api/tasks/tasksCount couldn't be rendered statically because it used `request.url`. See more info here: https://nextjs.org/docs/messages/dynamic-server-error","digest":"DYNAMIC_SERVER_USAGE"},"msg":"Error in GET /tasks/count"}
{"level":50,"time":1736421497078,"pid":55887,"hostname":"0E-B7-67-3F-47-BB","msg":"Error fetching users:"}
{"level":50,"time":1736421497088,"pid":55890,"hostname":"0E-B7-67-3F-47-BB","err":{"type":"B","message":"Dynamic server usage: Route /api/tasks/taskType couldn't be rendered statically because it used `request.url`. See more info here: https://nextjs.org/docs/messages/dynamic-server-error","stack":"Error: Dynamic server usage: Route /api/tasks/taskType couldn't be rendered statically because it used `request.url`. See more info here: https://nextjs.org/docs/messages/dynamic-server-error\n    at V (/Users/syedsibtealibaqar/Documents/whatsnextplease-monolith/node_modules/.pnpm/next@14.2.15_@babel+core@7.26.0_react-dom@18.3.1_react@18.3.1__react@18.3.1/node_modules/next/dist/compiled/next-server/app-route.runtime.prod.js:6:21777)\n    at Object.get (/Users/syedsibtealibaqar/Documents/whatsnextplease-monolith/node_modules/.pnpm/next@14.2.15_@babel+core@7.26.0_react-dom@18.3.1_react@18.3.1__react@18.3.1/node_modules/next/dist/compiled/next-server/app-route.runtime.prod.js:6:29137)\n    at g (/Users/syedsibtealibaqar/Documents/whatsnextplease-monolith/apps/web/.next/server/app/api/tasks/taskType/route.js:1:1089)\n    at /Users/syedsibtealibaqar/Documents/whatsnextplease-monolith/node_modules/.pnpm/next@14.2.15_@babel+core@7.26.0_react-dom@18.3.1_react@18.3.1__react@18.3.1/node_modules/next/dist/compiled/next-server/app-route.runtime.prod.js:6:36963\n    at /Users/syedsibtealibaqar/Documents/whatsnextplease-monolith/node_modules/.pnpm/next@14.2.15_@babel+core@7.26.0_react-dom@18.3.1_react@18.3.1__react@18.3.1/node_modules/next/dist/server/lib/trace/tracer.js:140:36\n    at NoopContextManager.with (/Users/syedsibtealibaqar/Documents/whatsnextplease-monolith/node_modules/.pnpm/next@14.2.15_@babel+core@7.26.0_react-dom@18.3.1_react@18.3.1__react@18.3.1/node_modules/next/dist/compiled/@opentelemetry/api/index.js:1:7062)\n    at ContextAPI.with (/Users/syedsibtealibaqar/Documents/whatsnextplease-monolith/node_modules/.pnpm/next@14.2.15_@babel+core@7.26.0_react-dom@18.3.1_react@18.3.1__react@18.3.1/node_modules/next/dist/compiled/@opentelemetry/api/index.js:1:518)\n    at NoopTracer.startActiveSpan (/Users/syedsibtealibaqar/Documents/whatsnextplease-monolith/node_modules/.pnpm/next@14.2.15_@babel+core@7.26.0_react-dom@18.3.1_react@18.3.1__react@18.3.1/node_modules/next/dist/compiled/@opentelemetry/api/index.js:1:18093)\n    at ProxyTracer.startActiveSpan (/Users/syedsibtealibaqar/Documents/whatsnextplease-monolith/node_modules/.pnpm/next@14.2.15_@babel+core@7.26.0_react-dom@18.3.1_react@18.3.1__react@18.3.1/node_modules/next/dist/compiled/@opentelemetry/api/index.js:1:18854)\n    at /Users/syedsibtealibaqar/Documents/whatsnextplease-monolith/node_modules/.pnpm/next@14.2.15_@babel+core@7.26.0_react-dom@18.3.1_react@18.3.1__react@18.3.1/node_modules/next/dist/server/lib/trace/tracer.js:122:103","description":"Route /api/tasks/taskType couldn't be rendered statically because it used `request.url`. See more info here: https://nextjs.org/docs/messages/dynamic-server-error","digest":"DYNAMIC_SERVER_USAGE"},"msg":"Error fetching tasks:"}
[2K[1G [37m[1m [22m[39m Generating static pages (7/26)  [36m[=== ][39m[2K[1G [37m[1m [22m[39m Generating static pages (15/26)  [36m[ ===][39m[2K[1G[?25h [32m[1m✓[22m[39m Generating static pages (26/26)
[?25l [37m[1m [22m[39m Finalizing page optimization  [36m.[39m[?25l [37m[1m [22m[39m Collecting build traces  [36m.[39m[2K[1G [37m[1m [22m[39m Finalizing page optimization  [36m..[39m[2K[1G [37m[1m [22m[39m Collecting build traces  [36m..[39m[2K[1G [37m[1m [22m[39m Finalizing page optimization  [36m...[39m[2K[1G [37m[1m [22m[39m Collecting build traces  [36m...[39m[2K[1G [37m[1m [22m[39m Finalizing page optimization  [36m.[39m[2K[1G [37m[1m [22m[39m Collecting build traces  [36m.[39m[2K[1G [37m[1m [22m[39m Finalizing page optimization  [36m..[39m[2K[1G [37m[1m [22m[39m Collecting build traces  [36m..[39m[2K[1G [37m[1m [22m[39m Finalizing page optimization  [36m...[39m[2K[1G [37m[1m [22m[39m Collecting build traces  [36m...[39m[2K[1G [37m[1m [22m[39m Finalizing page optimization  [36m.[39m[2K[1G [37m[1m [22m[39m Collecting build traces  [36m.[39m[2K[1G [37m[1m [22m[39m Finalizing page optimization  [36m..[39m[2K[1G [37m[1m [22m[39m Collecting build traces  [36m..[39m[2K[1G [37m[1m [22m[39m Finalizing page optimization  [36m...[39m[2K[1G [37m[1m [22m[39m Collecting build traces  [36m...[39m[2K[1G [37m[1m [22m[39m Finalizing page optimization  [36m.[39m[2K[1G [37m[1m [22m[39m Collecting build traces  [36m.[39m[2K[1G [37m[1m [22m[39m Finalizing page optimization  [36m..[39m[2K[1G [37m[1m [22m[39m Collecting build traces  [36m..[39m[2K[1G [37m[1m [22m[39m Finalizing page optimization  [36m...[39m[2K[1G [37m[1m [22m[39m Collecting build traces  [36m...[39m[2K[1G [37m[1m [22m[39m Finalizing page optimization  [36m.[39m[2K[1G [37m[1m [22m[39m Collecting build traces  [36m.[39m[2K[1G [37m[1m [22m[39m Finalizing page optimization  [36m..[39m[2K[1G [37m[1m [22m[39m Collecting build traces  [36m..[39m[2K[1G [37m[1m [22m[39m Finalizing page optimization  [36m...[39m[2K[1G [37m[1m [22m[39m Collecting build traces  [36m...[39m[2K[1G [37m[1m [22m[39m Finalizing page optimization  [36m.[39m[2K[1G [37m[1m [22m[39m Collecting build traces  [36m.[39m[2K[1G [37m[1m [22m[39m Finalizing page optimization  [36m..[39m[2K[1G [37m[1m [22m[39m Collecting build traces  [36m..[39m[2K[1G [37m[1m [22m[39m Finalizing page optimization  [36m...[39m[2K[1G [37m[1m [22m[39m Collecting build traces  [36m...[39m[2K[1G [37m[1m [22m[39m Finalizing page optimization  [36m.[39m[2K[1G [37m[1m [22m[39m Collecting build traces  [36m.[39m[2K[1G [37m[1m [22m[39m Finalizing page optimization  [36m..[39m[2K[1G [37m[1m [22m[39m Collecting build traces  [36m..[39m[2K[1G [37m[1m [22m[39m Finalizing page optimization  [36m...[39m[2K[1G [37m[1m [22m[39m Collecting build traces  [36m...[39m[2K[1G [37m[1m [22m[39m Finalizing page optimization  [36m.[39m[2K[1G [37m[1m [22m[39m Collecting build traces  [36m.[39m[2K[1G [37m[1m [22m[39m Finalizing page optimization  [36m..[39m[2K[1G [37m[1m [22m[39m Collecting build traces  [36m..[39m[2K[1G [37m[1m [22m[39m Finalizing page optimization  [36m...[39m[2K[1G [37m[1m [22m[39m Collecting build traces  [36m...[39m[2K[1G [37m[1m [22m[39m Finalizing page optimization  [36m.[39m[2K[1G [37m[1m [22m[39m Collecting build traces  [36m.[39m[2K[1G [37m[1m [22m[39m Finalizing page optimization  [36m..[39m[2K[1G [37m[1m [22m[39m Collecting build traces  [36m..[39m[2K[1G [37m[1m [22m[39m Finalizing page optimization  [36m...[39m[2K[1G [37m[1m [22m[39m Collecting build traces  [36m...[39m[2K[1G[?25h [37m[1m [22m[39m Collecting build traces     [32m[1m✓[22m[39m Collecting build traces 
[2K[1G[?25h [37m[1m [22m[39m Finalizing page optimization     [32m[1m✓[22m[39m Finalizing page optimization 

[4mRoute (app)[24m                              [4mSize[24m     [4mFirst Load JS[24m
┌ ƒ /                                    339 B          [37m[1m87.7 kB[22m[39m
├ ○ /_not-found                          883 B          [37m[1m88.3 kB[22m[39m
├ ƒ /api/file/deleteFileById             0 B                [37m[1m0 B[22m[39m
├ ƒ /api/file/downloadFileByName         0 B                [37m[1m0 B[22m[39m
├ ○ /api/skills                          0 B                [37m[1m0 B[22m[39m
├ ƒ /api/task/doesTaskExists             0 B                [37m[1m0 B[22m[39m
├ ƒ /api/tasks/idsByType                 0 B                [37m[1m0 B[22m[39m
├ ƒ /api/tasks/tasksCount                0 B                [37m[1m0 B[22m[39m
├ ƒ /api/tasks/taskType                  0 B                [37m[1m0 B[22m[39m
├ ƒ /api/tasks/unassignedTasks           0 B                [37m[1m0 B[22m[39m
├ ƒ /api/uploadAndSaveFile               0 B                [37m[1m0 B[22m[39m
├ ƒ /api/user/doesUserExists             0 B                [37m[1m0 B[22m[39m
├ ƒ /api/users/taskAgentList             0 B                [37m[1m0 B[22m[39m
├ ƒ /clients                             2.61 kB         [37m[1m170 kB[22m[39m
├ ƒ /clients/[clientId]                  3.71 kB         [37m[1m241 kB[22m[39m
├ ƒ /clients/addclient                   1.83 kB         [37m[1m273 kB[22m[39m
├ ƒ /home                                1.82 kB         [37m[1m260 kB[22m[39m
├ ƒ /notifications/[userId]              7.65 kB         [37m[1m158 kB[22m[39m
├ ƒ /settings                            191 B          [37m[1m87.6 kB[22m[39m
├ ○ /signin                              9.14 kB         [37m[1m153 kB[22m[39m
├ ○ /signup                              6.11 kB         [37m[1m171 kB[22m[39m
├ ƒ /skills                              191 B          [37m[1m87.6 kB[22m[39m
├ ƒ /taskOfferings                       1.33 kB         [37m[1m257 kB[22m[39m
├ ƒ /users                               3.52 kB         [37m[1m171 kB[22m[39m
├ ƒ /users/[userId]                      265 B           [37m[1m259 kB[22m[39m
└ ƒ /users/adduser                       2.58 kB         [37m[1m281 kB[22m[39m
+ First Load JS shared by all            [37m[1m87.4 kB[22m[39m
  ├ chunks/2840-9f394d092f75f8c9.js      31.7 kB
  ├ chunks/a71daf0b-e8833364bbd3a374.js  53.7 kB
  └ other shared chunks (total)          2.01 kB


ƒ Middleware                             [37m[1m42.8 kB[22m[39m

○  (Static)   prerendered as static content
ƒ  (Dynamic)  server-rendered on demand

[?25h
